p/1653991196336.jpg 1 0 0 63 63
p/1653991170050.jpg 1 0 0 74 74
p/1653991163708.jpg 1 0 0 75 75
p/1653991157025.jpg 1 0 0 74 74
p/1653991151194.jpg 1 0 0 72 72
p/1653991144888.jpg 1 0 0 66 66
p/1653991138307.jpg 1 0 0 58 58
p/1653991132410.jpg 1 0 0 69 69
p/1653991126140.jpg 1 0 0 62 62
p/1653991117974.jpg 1 0 0 62 62
p/1653991112396.jpg 1 0 0 68 68
p/1653991107467.jpg 1 0 0 60 60
p/1653991101946.jpg 1 0 0 65 65
p/1653991095648.jpg 1 0 0 60 60
p/1653991090370.jpg 1 0 0 72 72
p/1653991083519.jpg 1 0 0 75 75
p/1653991072214.jpg 1 0 0 73 73
p/1653991065809.jpg 1 0 0 73 73
p/1653991053553.jpg 1 0 0 74 74
p/1653991047614.jpg 1 0 0 70 70
p/1653991041869.jpg 1 0 0 70 70
p/1653991032150.jpg 1 0 0 71 71
p/1653991016519.jpg 1 0 0 66 66
p/1653991004084.jpg 1 0 0 74 74
p/1653990997773.jpg 1 0 0 74 74
p/1653990990834.jpg 1 0 0 69 69
p/1653990984134.jpg 1 0 0 59 59
p/1653990973328.jpg 1 0 0 74 74
p/1653990967526.jpg 1 0 0 77 77
p/1653990961433.jpg 1 0 0 60 60
p/1653990955366.jpg 1 0 0 81 81
p/1653990949333.jpg 1 0 0 68 68
p/1653990943452.jpg 1 0 0 81 81
p/1653990936416.jpg 1 0 0 76 76
p/1653990930215.jpg 1 0 0 72 72
p/1653990923147.jpg 1 0 0 71 71
p/1653990916284.jpg 1 0 0 64 64
p/1653990909411.jpg 1 0 0 65 65
p/1653990901127.jpg 1 0 0 71 71
p/1653990892192.jpg 1 0 0 72 72