p/1653917671836.jpg 1 0 0 65 55
p/1653917660677.jpg 1 0 0 69 61
p/1653917650334.jpg 1 0 0 78 39
p/1653917583843.jpg 1 0 0 60 44
p/1653917577566.jpg 1 0 0 58 40
p/1653917571623.jpg 1 0 0 64 46
p/1653917562246.jpg 1 0 0 75 36
p/1653917556374.jpg 1 0 0 61 34
p/1653917550522.jpg 1 0 0 58 31
p/1653917543896.jpg 1 0 0 57 32
p/1653917534522.jpg 1 0 0 60 37
p/1653917528865.jpg 1 0 0 54 31
p/1653917522902.jpg 1 0 0 57 31
p/1653917516967.jpg 1 0 0 57 31
p/1653917510128.jpg 1 0 0 64 33
p/1653917504939.jpg 1 0 0 56 34
p/1653917498907.jpg 1 0 0 53 34
p/1653917490890.jpg 1 0 0 55 37
p/1653917484230.jpg 1 0 0 54 32
p/1653917476124.jpg 1 0 0 49 36
p/1653917468779.jpg 1 0 0 53 38
p/1653917459731.jpg 1 0 0 56 36
p/1653917452389.jpg 1 0 0 56 43
p/1653917440472.jpg 1 0 0 70 32
p/1653917433908.jpg 1 0 0 72 40
p/1653917408029.jpg 1 0 0 68 33
p/1653917399399.jpg 1 0 0 64 31
p/1653917353254.jpg 1 0 0 56 31
p/1653917344958.jpg 1 0 0 65 29
p/1653917333530.jpg 1 0 0 60 26
p/1653917324458.jpg 1 0 0 61 31
p/1653917317509.jpg 1 0 0 63 26
p/1653917309572.jpg 1 0 0 54 30
p/1653917303505.jpg 1 0 0 53 31
p/1653917296259.jpg 1 0 0 57 32
p/1653917289108.jpg 1 0 0 58 33
p/1653917282389.jpg 1 0 0 54 35
p/1653917261762.jpg 1 0 0 54 27